00:24:06 - selector_events - DEBUG - __init__: 54 - Using selector: KqueueSelector
00:24:06 - api - DEBUG - make_request: 133 - Make request: "getMe" with data: "{}" and files "None"
00:24:06 - api - DEBUG - check_result: 95 - Response for getMe: [200] "'{"ok":true,"result":{"id":5954410335,"is_bot":true,"first_name":"CIRCLE","username":"CCircle_bot","can_join_groups":true,"can_read_all_group_messages":false,"supports_inline_queries":false}}'"
00:24:06 - executor - INFO - _welcome: 362 - Bot: CIRCLE [@CCircle_bot]
00:24:06 - api - DEBUG - make_request: 133 - Make request: "getWebhookInfo" with data: "{}" and files "None"
00:24:06 - api - DEBUG - check_result: 95 - Response for getWebhookInfo: [200] "'{"ok":true,"result":{"url":"","has_custom_certificate":false,"pending_update_count":0}}'"
00:24:06 - api - DEBUG - make_request: 133 - Make request: "deleteWebhook" with data: "{'drop_pending_updates': True}" and files "None"
00:24:06 - api - DEBUG - check_result: 95 - Response for deleteWebhook: [200] "'{"ok":true,"result":true,"description":"Webhook is already deleted"}'"
00:24:06 - executor - WARNING - _skip_updates: 358 - Updates were skipped successfully.
00:24:06 - dispatcher - INFO - start_polling: 358 - Start polling.
00:24:06 - api - DEBUG - make_request: 133 - Make request: "getWebhookInfo" with data: "{}" and files "None"
00:24:06 - api - DEBUG - check_result: 95 - Response for getWebhookInfo: [200] "'{"ok":true,"result":{"url":"","has_custom_certificate":false,"pending_update_count":0}}'"
00:24:06 - api - DEBUG - make_request: 133 - Make request: "getUpdates" with data: "{'timeout': 20}" and files "None"
00:24:18 - api - DEBUG - check_result: 95 - Response for getUpdates: [200] "'{"ok":true,"result":[{"update_id":374963398,\n"message":{"message_id":5515,"from":{"id":1340988413,"is_bot":false,"first_name":"Max","username":"juicykolot","language_code":"ru"},"chat":{"id":1340988413,"first_name":"Max","username":"juicykolot","type":"private"},"date":1671229458,"text":"\\u0420\\u0435\\u0444\\u0435\\u0440\\u0430\\u043b\\u044b"}}]}'"
00:24:18 - dispatcher - DEBUG - start_polling: 395 - Received 1 updates.
00:24:18 - api - DEBUG - make_request: 133 - Make request: "sendMessage" with data: "{'chat_id': 1340988413, 'text': 'И что это может значить?', 'reply_markup': '{"keyboard": [[{"text": "Профиль"}, {"text": "Подписка"}, {"text": "СОЗДАТЬ КРУГ"}], [{"text": "Рефералы"}]], "resize_keyboard": true}'}" and files "None"
00:24:18 - api - DEBUG - check_result: 95 - Response for sendMessage: [200] "'{"ok":true,"result":{"message_id":5516,"from":{"id":5954410335,"is_bot":true,"first_name":"CIRCLE","username":"CCircle_bot"},"chat":{"id":1340988413,"first_name":"Max","username":"juicykolot","type":"private"},"date":1671229458,"text":"\\u0418 \\u0447\\u0442\\u043e \\u044d\\u0442\\u043e \\u043c\\u043e\\u0436\\u0435\\u0442 \\u0437\\u043d\\u0430\\u0447\\u0438\\u0442\\u044c?"}}'"
00:24:18 - api - DEBUG - make_request: 133 - Make request: "sendMessage" with data: "{'chat_id': 1340988413, 'text': 'Теперь вы в главном меню\nПопробуй снова'}" and files "None"
00:24:18 - api - DEBUG - make_request: 133 - Make request: "getUpdates" with data: "{'offset': 374963399, 'timeout': 20}" and files "None"
00:24:18 - api - DEBUG - check_result: 95 - Response for sendMessage: [200] "'{"ok":true,"result":{"message_id":5517,"from":{"id":5954410335,"is_bot":true,"first_name":"CIRCLE","username":"CCircle_bot"},"chat":{"id":1340988413,"first_name":"Max","username":"juicykolot","type":"private"},"date":1671229458,"text":"\\u0422\\u0435\\u043f\\u0435\\u0440\\u044c \\u0432\\u044b \\u0432 \\u0433\\u043b\\u0430\\u0432\\u043d\\u043e\\u043c \\u043c\\u0435\\u043d\\u044e\\n\\u041f\\u043e\\u043f\\u0440\\u043e\\u0431\\u0443\\u0439 \\u0441\\u043d\\u043e\\u0432\\u0430"}}'"
00:24:20 - api - DEBUG - check_result: 95 - Response for getUpdates: [200] "'{"ok":true,"result":[{"update_id":374963399,\n"message":{"message_id":5518,"from":{"id":1340988413,"is_bot":false,"first_name":"Max","username":"juicykolot","language_code":"ru"},"chat":{"id":1340988413,"first_name":"Max","username":"juicykolot","type":"private"},"date":1671229460,"text":"\\u0420\\u0435\\u0444\\u0435\\u0440\\u0430\\u043b\\u044b"}}]}'"
00:24:20 - dispatcher - DEBUG - start_polling: 395 - Received 1 updates.
00:24:50 - api - DEBUG - make_request: 133 - Make request: "sendMessage" with data: "{'chat_id': 1340988413, 'text': 'Колличесвто приглашенных зайчиков: 3\n\nКоличество доступных бесплатных кругов: 0\n\n\nЧтобы заработать бесплатные круги, пригласи новых участниковв используя эту ссылку\nhttps://t.me/CCircle_bot?start=1340988413\n\nКак только кто-то зарегистрируется по этой ссылке, ты получишь уведомление❤️', 'reply_markup': '{"keyboard": [[{"text": "В главное меню"}]], "resize_keyboard": true}'}" and files "None"
00:24:50 - api - DEBUG - make_request: 133 - Make request: "getUpdates" with data: "{'offset': 374963400, 'timeout': 20}" and files "None"
00:24:50 - api - DEBUG - check_result: 95 - Response for sendMessage: [200] "'{"ok":true,"result":{"message_id":5519,"from":{"id":5954410335,"is_bot":true,"first_name":"CIRCLE","username":"CCircle_bot"},"chat":{"id":1340988413,"first_name":"Max","username":"juicykolot","type":"private"},"date":1671229490,"text":"\\u041a\\u043e\\u043b\\u043b\\u0438\\u0447\\u0435\\u0441\\u0432\\u0442\\u043e \\u043f\\u0440\\u0438\\u0433\\u043b\\u0430\\u0448\\u0435\\u043d\\u043d\\u044b\\u0445 \\u0437\\u0430\\u0439\\u0447\\u0438\\u043a\\u043e\\u0432: 3\\n\\n\\u041a\\u043e\\u043b\\u0438\\u0447\\u0435\\u0441\\u0442\\u0432\\u043e \\u0434\\u043e\\u0441\\u0442\\u0443\\u043f\\u043d\\u044b\\u0445 \\u0431\\u0435\\u0441\\u043f\\u043b\\u0430\\u0442\\u043d\\u044b\\u0445 \\u043a\\u0440\\u0443\\u0433\\u043e\\u0432: 0\\n\\n\\n\\u0427\\u0442\\u043e\\u0431\\u044b \\u0437\\u0430\\u0440\\u0430\\u0431\\u043e\\u0442\\u0430\\u0442\\u044c \\u0431\\u0435\\u0441\\u043f\\u043b\\u0430\\u0442\\u043d\\u044b\\u0435 \\u043a\\u0440\\u0443\\u0433\\u0438, \\u043f\\u0440\\u0438\\u0433\\u043b\\u0430\\u0441\\u0438 \\u043d\\u043e\\u0432\\u044b\\u0445 \\u0443\\u0447\\u0430\\u0441\\u0442\\u043d\\u0438\\u043a\\u043e\\u0432\\u0432 \\u0438\\u0441\\u043f\\u043e\\u043b\\u044c\\u0437\\u0443\\u044f \\u044d\\u0442\\u0443 \\u0441\\u0441\\u044b\\u043b\\u043a\\u0443\\nhttps://t.me/CCircle_bot?start=1340988413\\n\\n\\u041a\\u0430\\u043a \\u0442\\u043e\\u043b\\u044c\\u043a\\u043e \\u043a\\u0442\\u043e-\\u0442\\u043e \\u0437\\u0430\\u0440\\u0435\\u0433\\u0438\\u0441\\u0442\\u0440\\u0438\\u0440\\u0443\\u0435\\u0442\\u0441\\u044f \\u043f\\u043e \\u044d\\u0442\\u043e\\u0439 \\u0441\\u0441\\u044b\\u043b\\u043a\\u0435, \\u0442\\u044b \\u043f\\u043e\\u043b\\u0443\\u0447\\u0438\\u0448\\u044c \\u0443\\u0432\\u0435\\u0434\\u043e\\u043c\\u043b\\u0435\\u043d\\u0438\\u0435\\u2764\\ufe0f","entities":[{"offset":165,"length":41,"type":"url"}]}}'"
00:25:06 - api - DEBUG - check_result: 95 - Response for getUpdates: [200] "'{"ok":true,"result":[{"update_id":374963400,\n"message":{"message_id":5520,"from":{"id":1340988413,"is_bot":false,"first_name":"Max","username":"juicykolot","language_code":"ru"},"chat":{"id":1340988413,"first_name":"Max","username":"juicykolot","type":"private"},"date":1671229506,"text":"\\u0412 \\u0433\\u043b\\u0430\\u0432\\u043d\\u043e\\u0435 \\u043c\\u0435\\u043d\\u044e"}}]}'"
00:25:06 - dispatcher - DEBUG - start_polling: 395 - Received 1 updates.
00:25:32 - api - DEBUG - make_request: 133 - Make request: "sendMessage" with data: "{'chat_id': 1340988413, 'text': 'Вы в главном меню😏', 'reply_markup': '{"keyboard": [[{"text": "Профиль"}, {"text": "Подписка"}, {"text": "СОЗДАТЬ КРУГ"}], [{"text": "Рефералы"}]], "resize_keyboard": true}'}" and files "None"
00:25:32 - api - DEBUG - make_request: 133 - Make request: "getUpdates" with data: "{'offset': 374963401, 'timeout': 20}" and files "None"
00:25:32 - api - DEBUG - check_result: 95 - Response for sendMessage: [200] "'{"ok":true,"result":{"message_id":5521,"from":{"id":5954410335,"is_bot":true,"first_name":"CIRCLE","username":"CCircle_bot"},"chat":{"id":1340988413,"first_name":"Max","username":"juicykolot","type":"private"},"date":1671229532,"text":"\\u0412\\u044b \\u0432 \\u0433\\u043b\\u0430\\u0432\\u043d\\u043e\\u043c \\u043c\\u0435\\u043d\\u044e\\ud83d\\ude0f"}}'"
00:26:01 - api - DEBUG - make_request: 133 - Make request: "deleteMessage" with data: "{'chat_id': 1340988413, 'message_id': 5519}" and files "None"
00:26:01 - api - DEBUG - check_result: 95 - Response for getUpdates: [200] "'{"ok":true,"result":[]}'"
00:26:01 - api - DEBUG - make_request: 133 - Make request: "getUpdates" with data: "{'offset': 374963401, 'timeout': 20}" and files "None"
00:26:01 - api - DEBUG - check_result: 95 - Response for deleteMessage: [200] "'{"ok":true,"result":true}'"
00:26:21 - api - DEBUG - check_result: 95 - Response for getUpdates: [200] "'{"ok":true,"result":[{"update_id":374963401,\n"message":{"message_id":5522,"from":{"id":1340988413,"is_bot":false,"first_name":"Max","username":"juicykolot","language_code":"ru"},"chat":{"id":1340988413,"first_name":"Max","username":"juicykolot","type":"private"},"date":1671229581,"text":"\\u0420\\u0435\\u0444\\u0435\\u0440\\u0430\\u043b\\u044b"}}]}'"
00:26:21 - dispatcher - DEBUG - start_polling: 395 - Received 1 updates.
00:26:31 - api - DEBUG - make_request: 133 - Make request: "sendMessage" with data: "{'chat_id': 1340988413, 'text': 'Колличесвто приглашенных зайчиков: 3\n\nКоличество доступных бесплатных кругов: 0\n\n\nЧтобы заработать бесплатные круги, пригласи новых участниковв используя эту ссылку\nhttps://t.me/CCircle_bot?start=1340988413\n\nКак только кто-то зарегистрируется по этой ссылке, ты получишь уведомление❤️', 'reply_markup': '{"keyboard": [[{"text": "В главное меню"}]], "resize_keyboard": true}'}" and files "None"
00:26:31 - api - DEBUG - make_request: 133 - Make request: "getUpdates" with data: "{'offset': 374963402, 'timeout': 20}" and files "None"
00:26:31 - api - DEBUG - check_result: 95 - Response for sendMessage: [200] "'{"ok":true,"result":{"message_id":5527,"from":{"id":5954410335,"is_bot":true,"first_name":"CIRCLE","username":"CCircle_bot"},"chat":{"id":1340988413,"first_name":"Max","username":"juicykolot","type":"private"},"date":1671229591,"text":"\\u041a\\u043e\\u043b\\u043b\\u0438\\u0447\\u0435\\u0441\\u0432\\u0442\\u043e \\u043f\\u0440\\u0438\\u0433\\u043b\\u0430\\u0448\\u0435\\u043d\\u043d\\u044b\\u0445 \\u0437\\u0430\\u0439\\u0447\\u0438\\u043a\\u043e\\u0432: 3\\n\\n\\u041a\\u043e\\u043b\\u0438\\u0447\\u0435\\u0441\\u0442\\u0432\\u043e \\u0434\\u043e\\u0441\\u0442\\u0443\\u043f\\u043d\\u044b\\u0445 \\u0431\\u0435\\u0441\\u043f\\u043b\\u0430\\u0442\\u043d\\u044b\\u0445 \\u043a\\u0440\\u0443\\u0433\\u043e\\u0432: 0\\n\\n\\n\\u0427\\u0442\\u043e\\u0431\\u044b \\u0437\\u0430\\u0440\\u0430\\u0431\\u043e\\u0442\\u0430\\u0442\\u044c \\u0431\\u0435\\u0441\\u043f\\u043b\\u0430\\u0442\\u043d\\u044b\\u0435 \\u043a\\u0440\\u0443\\u0433\\u0438, \\u043f\\u0440\\u0438\\u0433\\u043b\\u0430\\u0441\\u0438 \\u043d\\u043e\\u0432\\u044b\\u0445 \\u0443\\u0447\\u0430\\u0441\\u0442\\u043d\\u0438\\u043a\\u043e\\u0432\\u0432 \\u0438\\u0441\\u043f\\u043e\\u043b\\u044c\\u0437\\u0443\\u044f \\u044d\\u0442\\u0443 \\u0441\\u0441\\u044b\\u043b\\u043a\\u0443\\nhttps://t.me/CCircle_bot?start=1340988413\\n\\n\\u041a\\u0430\\u043a \\u0442\\u043e\\u043b\\u044c\\u043a\\u043e \\u043a\\u0442\\u043e-\\u0442\\u043e \\u0437\\u0430\\u0440\\u0435\\u0433\\u0438\\u0441\\u0442\\u0440\\u0438\\u0440\\u0443\\u0435\\u0442\\u0441\\u044f \\u043f\\u043e \\u044d\\u0442\\u043e\\u0439 \\u0441\\u0441\\u044b\\u043b\\u043a\\u0435, \\u0442\\u044b \\u043f\\u043e\\u043b\\u0443\\u0447\\u0438\\u0448\\u044c \\u0443\\u0432\\u0435\\u0434\\u043e\\u043c\\u043b\\u0435\\u043d\\u0438\\u0435\\u2764\\ufe0f","entities":[{"offset":165,"length":41,"type":"url"}]}}'"
00:26:31 - api - DEBUG - check_result: 95 - Response for getUpdates: [200] "'{"ok":true,"result":[{"update_id":374963402,\n"message":{"message_id":5523,"from":{"id":1340988413,"is_bot":false,"first_name":"Max","username":"juicykolot","language_code":"ru"},"chat":{"id":1340988413,"first_name":"Max","username":"juicykolot","type":"private"},"date":1671229584,"text":"\\u0420\\u0435\\u0444\\u0435\\u0440\\u0430\\u043b\\u044b"}},{"update_id":374963403,\n"message":{"message_id":5524,"from":{"id":1340988413,"is_bot":false,"first_name":"Max","username":"juicykolot","language_code":"ru"},"chat":{"id":1340988413,"first_name":"Max","username":"juicykolot","type":"private"},"date":1671229584,"text":"\\u0420\\u0435\\u0444\\u0435\\u0440\\u0430\\u043b\\u044b"}},{"update_id":374963404,\n"message":{"message_id":5525,"from":{"id":1340988413,"is_bot":false,"first_name":"Max","username":"juicykolot","language_code":"ru"},"chat":{"id":1340988413,"first_name":"Max","username":"juicykolot","type":"private"},"date":1671229584,"text":"\\u0420\\u0435\\u0444\\u0435\\u0440\\u0430\\u043b\\u044b"}},{"update_id":374963405,\n"message":{"message_id":5526,"from":{"id":1340988413,"is_bot":false,"first_name":"Max","username":"juicykolot","language_code":"ru"},"chat":{"id":1340988413,"first_name":"Max","username":"juicykolot","type":"private"},"date":1671229585,"text":"\\u0420\\u0435\\u0444\\u0435\\u0440\\u0430\\u043b\\u044b"}}]}'"
00:26:31 - dispatcher - DEBUG - start_polling: 395 - Received 4 updates.
00:27:16 - api - DEBUG - make_request: 133 - Make request: "getUpdates" with data: "{'offset': 374963406, 'timeout': 20}" and files "None"
00:27:36 - api - DEBUG - check_result: 95 - Response for getUpdates: [200] "'{"ok":true,"result":[]}'"
00:27:36 - api - DEBUG - make_request: 133 - Make request: "getUpdates" with data: "{'offset': 374963406, 'timeout': 20}" and files "None"
00:27:56 - api - DEBUG - check_result: 95 - Response for getUpdates: [200] "'{"ok":true,"result":[]}'"
00:27:56 - api - DEBUG - make_request: 133 - Make request: "getUpdates" with data: "{'offset': 374963406, 'timeout': 20}" and files "None"
00:28:16 - api - DEBUG - check_result: 95 - Response for getUpdates: [200] "'{"ok":true,"result":[]}'"
00:28:16 - api - DEBUG - make_request: 133 - Make request: "getUpdates" with data: "{'offset': 374963406, 'timeout': 20}" and files "None"
00:28:36 - api - DEBUG - check_result: 95 - Response for getUpdates: [200] "'{"ok":true,"result":[]}'"
00:28:37 - api - DEBUG - make_request: 133 - Make request: "getUpdates" with data: "{'offset': 374963406, 'timeout': 20}" and files "None"
00:28:57 - api - DEBUG - check_result: 95 - Response for getUpdates: [200] "'{"ok":true,"result":[]}'"
00:28:57 - api - DEBUG - make_request: 133 - Make request: "getUpdates" with data: "{'offset': 374963406, 'timeout': 20}" and files "None"
00:29:17 - api - DEBUG - check_result: 95 - Response for getUpdates: [200] "'{"ok":true,"result":[]}'"
00:29:17 - api - DEBUG - make_request: 133 - Make request: "getUpdates" with data: "{'offset': 374963406, 'timeout': 20}" and files "None"
00:29:37 - api - DEBUG - check_result: 95 - Response for getUpdates: [200] "'{"ok":true,"result":[]}'"
00:29:37 - api - DEBUG - make_request: 133 - Make request: "getUpdates" with data: "{'offset': 374963406, 'timeout': 20}" and files "None"
00:29:57 - api - DEBUG - check_result: 95 - Response for getUpdates: [200] "'{"ok":true,"result":[]}'"
00:29:57 - api - DEBUG - make_request: 133 - Make request: "getUpdates" with data: "{'offset': 374963406, 'timeout': 20}" and files "None"
00:30:17 - api - DEBUG - check_result: 95 - Response for getUpdates: [200] "'{"ok":true,"result":[]}'"
00:30:17 - api - DEBUG - make_request: 133 - Make request: "getUpdates" with data: "{'offset': 374963406, 'timeout': 20}" and files "None"
00:30:38 - api - DEBUG - check_result: 95 - Response for getUpdates: [200] "'{"ok":true,"result":[]}'"
00:30:38 - api - DEBUG - make_request: 133 - Make request: "getUpdates" with data: "{'offset': 374963406, 'timeout': 20}" and files "None"
00:30:58 - api - DEBUG - check_result: 95 - Response for getUpdates: [200] "'{"ok":true,"result":[]}'"
00:30:58 - api - DEBUG - make_request: 133 - Make request: "getUpdates" with data: "{'offset': 374963406, 'timeout': 20}" and files "None"
00:31:18 - api - DEBUG - check_result: 95 - Response for getUpdates: [200] "'{"ok":true,"result":[]}'"
00:31:18 - api - DEBUG - make_request: 133 - Make request: "getUpdates" with data: "{'offset': 374963406, 'timeout': 20}" and files "None"
00:31:38 - api - DEBUG - check_result: 95 - Response for getUpdates: [200] "'{"ok":true,"result":[]}'"
00:31:38 - api - DEBUG - make_request: 133 - Make request: "getUpdates" with data: "{'offset': 374963406, 'timeout': 20}" and files "None"
00:31:58 - api - DEBUG - check_result: 95 - Response for getUpdates: [200] "'{"ok":true,"result":[]}'"
00:31:58 - api - DEBUG - make_request: 133 - Make request: "getUpdates" with data: "{'offset': 374963406, 'timeout': 20}" and files "None"
00:32:18 - api - DEBUG - check_result: 95 - Response for getUpdates: [200] "'{"ok":true,"result":[]}'"
00:32:18 - api - DEBUG - make_request: 133 - Make request: "getUpdates" with data: "{'offset': 374963406, 'timeout': 20}" and files "None"
00:32:39 - api - DEBUG - check_result: 95 - Response for getUpdates: [200] "'{"ok":true,"result":[]}'"
00:32:39 - api - DEBUG - make_request: 133 - Make request: "getUpdates" with data: "{'offset': 374963406, 'timeout': 20}" and files "None"
00:32:59 - api - DEBUG - check_result: 95 - Response for getUpdates: [200] "'{"ok":true,"result":[]}'"
00:32:59 - api - DEBUG - make_request: 133 - Make request: "getUpdates" with data: "{'offset': 374963406, 'timeout': 20}" and files "None"
00:33:19 - api - DEBUG - check_result: 95 - Response for getUpdates: [200] "'{"ok":true,"result":[]}'"
00:33:19 - api - DEBUG - make_request: 133 - Make request: "getUpdates" with data: "{'offset': 374963406, 'timeout': 20}" and files "None"
00:33:39 - api - DEBUG - check_result: 95 - Response for getUpdates: [200] "'{"ok":true,"result":[]}'"
00:33:39 - api - DEBUG - make_request: 133 - Make request: "getUpdates" with data: "{'offset': 374963406, 'timeout': 20}" and files "None"
00:33:59 - api - DEBUG - check_result: 95 - Response for getUpdates: [200] "'{"ok":true,"result":[]}'"
00:33:59 - api - DEBUG - make_request: 133 - Make request: "getUpdates" with data: "{'offset': 374963406, 'timeout': 20}" and files "None"
00:34:19 - api - DEBUG - check_result: 95 - Response for getUpdates: [200] "'{"ok":true,"result":[]}'"
00:34:19 - api - DEBUG - make_request: 133 - Make request: "getUpdates" with data: "{'offset': 374963406, 'timeout': 20}" and files "None"
00:34:40 - api - DEBUG - check_result: 95 - Response for getUpdates: [200] "'{"ok":true,"result":[]}'"
00:34:40 - api - DEBUG - make_request: 133 - Make request: "getUpdates" with data: "{'offset': 374963406, 'timeout': 20}" and files "None"
00:35:00 - api - DEBUG - check_result: 95 - Response for getUpdates: [200] "'{"ok":true,"result":[]}'"
00:35:00 - api - DEBUG - make_request: 133 - Make request: "getUpdates" with data: "{'offset': 374963406, 'timeout': 20}" and files "None"
00:35:20 - api - DEBUG - check_result: 95 - Response for getUpdates: [200] "'{"ok":true,"result":[]}'"
00:35:20 - api - DEBUG - make_request: 133 - Make request: "getUpdates" with data: "{'offset': 374963406, 'timeout': 20}" and files "None"
00:35:40 - api - DEBUG - check_result: 95 - Response for getUpdates: [200] "'{"ok":true,"result":[]}'"
00:35:40 - api - DEBUG - make_request: 133 - Make request: "getUpdates" with data: "{'offset': 374963406, 'timeout': 20}" and files "None"
00:36:00 - api - DEBUG - check_result: 95 - Response for getUpdates: [200] "'{"ok":true,"result":[]}'"
00:36:00 - api - DEBUG - make_request: 133 - Make request: "getUpdates" with data: "{'offset': 374963406, 'timeout': 20}" and files "None"
00:36:20 - api - DEBUG - check_result: 95 - Response for getUpdates: [200] "'{"ok":true,"result":[]}'"
00:36:21 - api - DEBUG - make_request: 133 - Make request: "getUpdates" with data: "{'offset': 374963406, 'timeout': 20}" and files "None"
00:36:41 - api - DEBUG - check_result: 95 - Response for getUpdates: [200] "'{"ok":true,"result":[]}'"
00:36:41 - api - DEBUG - make_request: 133 - Make request: "getUpdates" with data: "{'offset': 374963406, 'timeout': 20}" and files "None"
00:37:01 - api - DEBUG - check_result: 95 - Response for getUpdates: [200] "'{"ok":true,"result":[]}'"
00:37:01 - api - DEBUG - make_request: 133 - Make request: "getUpdates" with data: "{'offset': 374963406, 'timeout': 20}" and files "None"
00:37:21 - api - DEBUG - check_result: 95 - Response for getUpdates: [200] "'{"ok":true,"result":[]}'"
00:37:21 - api - DEBUG - make_request: 133 - Make request: "getUpdates" with data: "{'offset': 374963406, 'timeout': 20}" and files "None"
00:37:41 - api - DEBUG - check_result: 95 - Response for getUpdates: [200] "'{"ok":true,"result":[]}'"
00:37:41 - api - DEBUG - make_request: 133 - Make request: "getUpdates" with data: "{'offset': 374963406, 'timeout': 20}" and files "None"
00:38:01 - api - DEBUG - check_result: 95 - Response for getUpdates: [200] "'{"ok":true,"result":[]}'"
00:38:01 - api - DEBUG - make_request: 133 - Make request: "getUpdates" with data: "{'offset': 374963406, 'timeout': 20}" and files "None"
00:38:21 - api - DEBUG - check_result: 95 - Response for getUpdates: [200] "'{"ok":true,"result":[]}'"
00:38:22 - api - DEBUG - make_request: 133 - Make request: "getUpdates" with data: "{'offset': 374963406, 'timeout': 20}" and files "None"
00:38:42 - api - DEBUG - check_result: 95 - Response for getUpdates: [200] "'{"ok":true,"result":[]}'"
00:38:42 - api - DEBUG - make_request: 133 - Make request: "getUpdates" with data: "{'offset': 374963406, 'timeout': 20}" and files "None"
00:39:02 - api - DEBUG - check_result: 95 - Response for getUpdates: [200] "'{"ok":true,"result":[]}'"
00:39:02 - api - DEBUG - make_request: 133 - Make request: "getUpdates" with data: "{'offset': 374963406, 'timeout': 20}" and files "None"
00:39:22 - api - DEBUG - check_result: 95 - Response for getUpdates: [200] "'{"ok":true,"result":[]}'"
00:39:22 - api - DEBUG - make_request: 133 - Make request: "getUpdates" with data: "{'offset': 374963406, 'timeout': 20}" and files "None"
00:39:42 - api - DEBUG - check_result: 95 - Response for getUpdates: [200] "'{"ok":true,"result":[]}'"
00:39:42 - api - DEBUG - make_request: 133 - Make request: "getUpdates" with data: "{'offset': 374963406, 'timeout': 20}" and files "None"
00:40:02 - api - DEBUG - check_result: 95 - Response for getUpdates: [200] "'{"ok":true,"result":[]}'"
00:40:03 - api - DEBUG - make_request: 133 - Make request: "getUpdates" with data: "{'offset': 374963406, 'timeout': 20}" and files "None"
00:40:23 - api - DEBUG - check_result: 95 - Response for getUpdates: [200] "'{"ok":true,"result":[]}'"
00:40:23 - api - DEBUG - make_request: 133 - Make request: "getUpdates" with data: "{'offset': 374963406, 'timeout': 20}" and files "None"
00:40:43 - api - DEBUG - check_result: 95 - Response for getUpdates: [200] "'{"ok":true,"result":[]}'"
00:40:43 - api - DEBUG - make_request: 133 - Make request: "getUpdates" with data: "{'offset': 374963406, 'timeout': 20}" and files "None"
00:41:03 - api - DEBUG - check_result: 95 - Response for getUpdates: [200] "'{"ok":true,"result":[]}'"
00:41:03 - api - DEBUG - make_request: 133 - Make request: "getUpdates" with data: "{'offset': 374963406, 'timeout': 20}" and files "None"
00:41:23 - api - DEBUG - check_result: 95 - Response for getUpdates: [200] "'{"ok":true,"result":[]}'"
00:41:23 - api - DEBUG - make_request: 133 - Make request: "getUpdates" with data: "{'offset': 374963406, 'timeout': 20}" and files "None"
00:41:43 - api - DEBUG - check_result: 95 - Response for getUpdates: [200] "'{"ok":true,"result":[]}'"
00:41:43 - api - DEBUG - make_request: 133 - Make request: "getUpdates" with data: "{'offset': 374963406, 'timeout': 20}" and files "None"
00:42:04 - api - DEBUG - check_result: 95 - Response for getUpdates: [200] "'{"ok":true,"result":[]}'"
00:42:04 - api - DEBUG - make_request: 133 - Make request: "getUpdates" with data: "{'offset': 374963406, 'timeout': 20}" and files "None"
00:42:24 - api - DEBUG - check_result: 95 - Response for getUpdates: [200] "'{"ok":true,"result":[]}'"
00:42:24 - api - DEBUG - make_request: 133 - Make request: "getUpdates" with data: "{'offset': 374963406, 'timeout': 20}" and files "None"
00:42:44 - api - DEBUG - check_result: 95 - Response for getUpdates: [200] "'{"ok":true,"result":[]}'"
00:42:44 - api - DEBUG - make_request: 133 - Make request: "getUpdates" with data: "{'offset': 374963406, 'timeout': 20}" and files "None"
00:43:04 - api - DEBUG - check_result: 95 - Response for getUpdates: [200] "'{"ok":true,"result":[]}'"
00:43:04 - api - DEBUG - make_request: 133 - Make request: "getUpdates" with data: "{'offset': 374963406, 'timeout': 20}" and files "None"
00:43:24 - api - DEBUG - check_result: 95 - Response for getUpdates: [200] "'{"ok":true,"result":[]}'"
00:43:24 - api - DEBUG - make_request: 133 - Make request: "getUpdates" with data: "{'offset': 374963406, 'timeout': 20}" and files "None"
00:43:44 - api - DEBUG - check_result: 95 - Response for getUpdates: [200] "'{"ok":true,"result":[]}'"
00:43:44 - api - DEBUG - make_request: 133 - Make request: "getUpdates" with data: "{'offset': 374963406, 'timeout': 20}" and files "None"
00:44:05 - api - DEBUG - check_result: 95 - Response for getUpdates: [200] "'{"ok":true,"result":[]}'"
00:44:05 - api - DEBUG - make_request: 133 - Make request: "getUpdates" with data: "{'offset': 374963406, 'timeout': 20}" and files "None"
00:44:25 - api - DEBUG - check_result: 95 - Response for getUpdates: [200] "'{"ok":true,"result":[]}'"
00:44:25 - api - DEBUG - make_request: 133 - Make request: "getUpdates" with data: "{'offset': 374963406, 'timeout': 20}" and files "None"
00:44:45 - api - DEBUG - check_result: 95 - Response for getUpdates: [200] "'{"ok":true,"result":[]}'"
00:44:45 - api - DEBUG - make_request: 133 - Make request: "getUpdates" with data: "{'offset': 374963406, 'timeout': 20}" and files "None"
00:45:05 - api - DEBUG - check_result: 95 - Response for getUpdates: [200] "'{"ok":true,"result":[]}'"
00:45:05 - api - DEBUG - make_request: 133 - Make request: "getUpdates" with data: "{'offset': 374963406, 'timeout': 20}" and files "None"
00:45:25 - api - DEBUG - check_result: 95 - Response for getUpdates: [200] "'{"ok":true,"result":[]}'"
00:45:25 - api - DEBUG - make_request: 133 - Make request: "getUpdates" with data: "{'offset': 374963406, 'timeout': 20}" and files "None"
00:45:45 - api - DEBUG - check_result: 95 - Response for getUpdates: [200] "'{"ok":true,"result":[]}'"
00:45:46 - api - DEBUG - make_request: 133 - Make request: "getUpdates" with data: "{'offset': 374963406, 'timeout': 20}" and files "None"
00:46:06 - api - DEBUG - check_result: 95 - Response for getUpdates: [200] "'{"ok":true,"result":[]}'"
00:46:06 - api - DEBUG - make_request: 133 - Make request: "getUpdates" with data: "{'offset': 374963406, 'timeout': 20}" and files "None"
00:46:26 - api - DEBUG - check_result: 95 - Response for getUpdates: [200] "'{"ok":true,"result":[]}'"
00:46:26 - api - DEBUG - make_request: 133 - Make request: "getUpdates" with data: "{'offset': 374963406, 'timeout': 20}" and files "None"
00:46:46 - api - DEBUG - check_result: 95 - Response for getUpdates: [200] "'{"ok":true,"result":[]}'"
00:46:46 - api - DEBUG - make_request: 133 - Make request: "getUpdates" with data: "{'offset': 374963406, 'timeout': 20}" and files "None"
00:47:06 - api - DEBUG - check_result: 95 - Response for getUpdates: [200] "'{"ok":true,"result":[]}'"
00:47:06 - api - DEBUG - make_request: 133 - Make request: "getUpdates" with data: "{'offset': 374963406, 'timeout': 20}" and files "None"
00:47:26 - api - DEBUG - check_result: 95 - Response for getUpdates: [200] "'{"ok":true,"result":[]}'"
00:47:26 - api - DEBUG - make_request: 133 - Make request: "getUpdates" with data: "{'offset': 374963406, 'timeout': 20}" and files "None"
00:47:46 - api - DEBUG - check_result: 95 - Response for getUpdates: [200] "'{"ok":true,"result":[]}'"
00:47:47 - api - DEBUG - make_request: 133 - Make request: "getUpdates" with data: "{'offset': 374963406, 'timeout': 20}" and files "None"
00:48:07 - api - DEBUG - check_result: 95 - Response for getUpdates: [200] "'{"ok":true,"result":[]}'"
00:48:07 - api - DEBUG - make_request: 133 - Make request: "getUpdates" with data: "{'offset': 374963406, 'timeout': 20}" and files "None"
00:48:27 - api - DEBUG - check_result: 95 - Response for getUpdates: [200] "'{"ok":true,"result":[]}'"
00:48:27 - api - DEBUG - make_request: 133 - Make request: "getUpdates" with data: "{'offset': 374963406, 'timeout': 20}" and files "None"
00:48:47 - api - DEBUG - check_result: 95 - Response for getUpdates: [200] "'{"ok":true,"result":[]}'"
00:48:47 - api - DEBUG - make_request: 133 - Make request: "getUpdates" with data: "{'offset': 374963406, 'timeout': 20}" and files "None"
00:48:54 - api - DEBUG - check_result: 95 - Response for getUpdates: [200] "'{"ok":true,"result":[{"update_id":374963406,\n"message":{"message_id":5528,"from":{"id":1340988413,"is_bot":false,"first_name":"Max","username":"juicykolot","language_code":"ru"},"chat":{"id":1340988413,"first_name":"Max","username":"juicykolot","type":"private"},"date":1671230934,"text":"\\u0412 \\u0433\\u043b\\u0430\\u0432\\u043d\\u043e\\u0435 \\u043c\\u0435\\u043d\\u044e"}}]}'"
00:48:54 - dispatcher - DEBUG - start_polling: 395 - Received 1 updates.
00:49:05 - api - DEBUG - make_request: 133 - Make request: "sendMessage" with data: "{'chat_id': 1340988413, 'text': 'Вы в главном меню😏', 'reply_markup': '{"keyboard": [[{"text": "Профиль"}, {"text": "Подписка"}, {"text": "СОЗДАТЬ КРУГ"}], [{"text": "Рефералы"}]], "resize_keyboard": true}'}" and files "None"
00:49:05 - api - DEBUG - make_request: 133 - Make request: "getUpdates" with data: "{'offset': 374963407, 'timeout': 20}" and files "None"
00:49:05 - api - DEBUG - check_result: 95 - Response for sendMessage: [200] "'{"ok":true,"result":{"message_id":5529,"from":{"id":5954410335,"is_bot":true,"first_name":"CIRCLE","username":"CCircle_bot"},"chat":{"id":1340988413,"first_name":"Max","username":"juicykolot","type":"private"},"date":1671230945,"text":"\\u0412\\u044b \\u0432 \\u0433\\u043b\\u0430\\u0432\\u043d\\u043e\\u043c \\u043c\\u0435\\u043d\\u044e\\ud83d\\ude0f"}}'"
00:49:05 - api - DEBUG - make_request: 133 - Make request: "deleteMessage" with data: "{'chat_id': 1340988413, 'message_id': 5527}" and files "None"
00:49:06 - api - DEBUG - check_result: 95 - Response for deleteMessage: [200] "'{"ok":true,"result":true}'"
