15:28:51 - main - INFO - <module>: 16 - Hello
15:28:51 - selector_events - DEBUG - __init__: 54 - Using selector: KqueueSelector
15:28:51 - api - DEBUG - make_request: 133 - Make request: "getMe" with data: "{}" and files "None"
15:28:51 - api - DEBUG - check_result: 95 - Response for getMe: [200] "'{"ok":true,"result":{"id":5954410335,"is_bot":true,"first_name":"CIRCLE","username":"CCircle_bot","can_join_groups":true,"can_read_all_group_messages":false,"supports_inline_queries":false}}'"
15:28:51 - executor - INFO - _welcome: 362 - Bot: CIRCLE [@CCircle_bot]
15:28:51 - api - DEBUG - make_request: 133 - Make request: "getWebhookInfo" with data: "{}" and files "None"
15:28:52 - api - DEBUG - check_result: 95 - Response for getWebhookInfo: [200] "'{"ok":true,"result":{"url":"","has_custom_certificate":false,"pending_update_count":11}}'"
15:28:52 - api - DEBUG - make_request: 133 - Make request: "deleteWebhook" with data: "{'drop_pending_updates': True}" and files "None"
15:28:52 - api - DEBUG - check_result: 95 - Response for deleteWebhook: [200] "'{"ok":true,"result":true,"description":"Webhook is already deleted"}'"
15:28:52 - executor - WARNING - _skip_updates: 358 - Updates were skipped successfully.
15:28:52 - dispatcher - INFO - start_polling: 358 - Start polling.
15:28:52 - api - DEBUG - make_request: 133 - Make request: "getWebhookInfo" with data: "{}" and files "None"
15:28:52 - api - DEBUG - check_result: 95 - Response for getWebhookInfo: [200] "'{"ok":true,"result":{"url":"","has_custom_certificate":false,"pending_update_count":0}}'"
15:28:52 - api - DEBUG - make_request: 133 - Make request: "getUpdates" with data: "{'timeout': 20}" and files "None"
15:29:10 - api - DEBUG - check_result: 95 - Response for getUpdates: [200] "'{"ok":true,"result":[{"update_id":374963418,\n"message":{"message_id":5541,"from":{"id":1340988413,"is_bot":false,"first_name":"Max","username":"juicykolot","language_code":"ru"},"chat":{"id":1340988413,"first_name":"Max","username":"juicykolot","type":"private"},"date":1671283750,"text":"\\u041f\\u0440\\u043e\\u0444\\u0438\\u043b\\u044c"}}]}'"
15:29:10 - dispatcher - DEBUG - start_polling: 395 - Received 1 updates.
15:29:10 - api - DEBUG - make_request: 133 - Make request: "sendMessage" with data: "{'chat_id': 1340988413, 'text': 'И что это может значить?', 'reply_markup': '{"keyboard": [[{"text": "Профиль"}, {"text": "Подписка"}, {"text": "СОЗДАТЬ КРУГ"}], [{"text": "Рефералы"}]], "resize_keyboard": true}'}" and files "None"
15:29:10 - api - DEBUG - make_request: 133 - Make request: "getUpdates" with data: "{'offset': 374963419, 'timeout': 20}" and files "None"
15:29:10 - api - DEBUG - check_result: 95 - Response for sendMessage: [200] "'{"ok":true,"result":{"message_id":5542,"from":{"id":5954410335,"is_bot":true,"first_name":"CIRCLE","username":"CCircle_bot"},"chat":{"id":1340988413,"first_name":"Max","username":"juicykolot","type":"private"},"date":1671283750,"text":"\\u0418 \\u0447\\u0442\\u043e \\u044d\\u0442\\u043e \\u043c\\u043e\\u0436\\u0435\\u0442 \\u0437\\u043d\\u0430\\u0447\\u0438\\u0442\\u044c?"}}'"
15:29:10 - api - DEBUG - make_request: 133 - Make request: "sendMessage" with data: "{'chat_id': 1340988413, 'text': 'Теперь вы в главном меню\nПопробуй снова'}" and files "None"
15:29:10 - api - DEBUG - check_result: 95 - Response for sendMessage: [200] "'{"ok":true,"result":{"message_id":5543,"from":{"id":5954410335,"is_bot":true,"first_name":"CIRCLE","username":"CCircle_bot"},"chat":{"id":1340988413,"first_name":"Max","username":"juicykolot","type":"private"},"date":1671283750,"text":"\\u0422\\u0435\\u043f\\u0435\\u0440\\u044c \\u0432\\u044b \\u0432 \\u0433\\u043b\\u0430\\u0432\\u043d\\u043e\\u043c \\u043c\\u0435\\u043d\\u044e\\n\\u041f\\u043e\\u043f\\u0440\\u043e\\u0431\\u0443\\u0439 \\u0441\\u043d\\u043e\\u0432\\u0430"}}'"
15:29:15 - api - DEBUG - check_result: 95 - Response for getUpdates: [200] "'{"ok":true,"result":[{"update_id":374963419,\n"message":{"message_id":5544,"from":{"id":1340988413,"is_bot":false,"first_name":"Max","username":"juicykolot","language_code":"ru"},"chat":{"id":1340988413,"first_name":"Max","username":"juicykolot","type":"private"},"date":1671283755,"text":"\\u0421\\u041e\\u0417\\u0414\\u0410\\u0422\\u042c \\u041a\\u0420\\u0423\\u0413"}}]}'"
15:29:15 - dispatcher - DEBUG - start_polling: 395 - Received 1 updates.
15:29:15 - api - DEBUG - make_request: 133 - Make request: "sendMessage" with data: "{'chat_id': 1340988413, 'text': 'В вашем тарифе ограничения отсутсвуют\n\nДавай начнем, отправь мне любое видео☺️', 'reply_markup': '{"keyboard": [[{"text": "В главное меню"}]], "resize_keyboard": true}'}" and files "None"
15:29:15 - api - DEBUG - make_request: 133 - Make request: "getUpdates" with data: "{'offset': 374963420, 'timeout': 20}" and files "None"
15:29:15 - api - DEBUG - check_result: 95 - Response for sendMessage: [200] "'{"ok":true,"result":{"message_id":5545,"from":{"id":5954410335,"is_bot":true,"first_name":"CIRCLE","username":"CCircle_bot"},"chat":{"id":1340988413,"first_name":"Max","username":"juicykolot","type":"private"},"date":1671283755,"text":"\\u0412 \\u0432\\u0430\\u0448\\u0435\\u043c \\u0442\\u0430\\u0440\\u0438\\u0444\\u0435 \\u043e\\u0433\\u0440\\u0430\\u043d\\u0438\\u0447\\u0435\\u043d\\u0438\\u044f \\u043e\\u0442\\u0441\\u0443\\u0442\\u0441\\u0432\\u0443\\u044e\\u0442\\n\\n\\u0414\\u0430\\u0432\\u0430\\u0439 \\u043d\\u0430\\u0447\\u043d\\u0435\\u043c, \\u043e\\u0442\\u043f\\u0440\\u0430\\u0432\\u044c \\u043c\\u043d\\u0435 \\u043b\\u044e\\u0431\\u043e\\u0435 \\u0432\\u0438\\u0434\\u0435\\u043e\\u263a\\ufe0f"}}'"
15:29:23 - api - DEBUG - check_result: 95 - Response for getUpdates: [200] "'{"ok":true,"result":[{"update_id":374963420,\n"message":{"message_id":5546,"from":{"id":1340988413,"is_bot":false,"first_name":"Max","username":"juicykolot","language_code":"ru"},"chat":{"id":1340988413,"first_name":"Max","username":"juicykolot","type":"private"},"date":1671283763,"forward_from":{"id":1340988413,"is_bot":false,"first_name":"Max","username":"juicykolot","language_code":"ru"},"forward_date":1671218447,"video":{"duration":19,"width":496,"height":496,"file_name":"IMG_3039.MP4","mime_type":"video/mp4","thumb":{"file_id":"AAMCAgADGQEAAhWqY53EM-rhmc-s1oM77kVNRrboW4QAAuUjAAITZ-lIBEB0DMYNadYBAAdtAAMsBA","file_unique_id":"AQAD5SMAAhNn6Uhy","file_size":15486,"width":320,"height":320},"file_id":"BAACAgIAAxkBAAIVqmOdxDPq4ZnPrNaDO-5FTUa26FuEAALlIwACE2fpSARAdAzGDWnWLAQ","file_unique_id":"AgAD5SMAAhNn6Ug","file_size":1705213}}}]}'"
15:29:23 - dispatcher - DEBUG - start_polling: 395 - Received 1 updates.
15:29:23 - api - DEBUG - make_request: 133 - Make request: "getFile" with data: "{'file_id': 'BAACAgIAAxkBAAIVqmOdxDPq4ZnPrNaDO-5FTUa26FuEAALlIwACE2fpSARAdAzGDWnWLAQ'}" and files "None"
15:29:24 - api - DEBUG - check_result: 95 - Response for getFile: [200] "'{"ok":true,"result":{"file_id":"BAACAgIAAxkBAAIVqmOdxDPq4ZnPrNaDO-5FTUa26FuEAALlIwACE2fpSARAdAzGDWnWLAQ","file_unique_id":"AgAD5SMAAhNn6Ug","file_size":1705213,"file_path":"videos/file_82.MP4"}}'"
15:29:24 - api - DEBUG - make_request: 133 - Make request: "sendMessage" with data: "{'chat_id': 1340988413, 'text': 'Отлично☺️!\n ', 'reply_markup': '{"keyboard": [[{"text": "Назад"}]], "resize_keyboard": true}'}" and files "None"
15:29:24 - api - DEBUG - make_request: 133 - Make request: "getUpdates" with data: "{'offset': 374963421, 'timeout': 20}" and files "None"
15:29:24 - api - DEBUG - check_result: 95 - Response for sendMessage: [200] "'{"ok":true,"result":{"message_id":5547,"from":{"id":5954410335,"is_bot":true,"first_name":"CIRCLE","username":"CCircle_bot"},"chat":{"id":1340988413,"first_name":"Max","username":"juicykolot","type":"private"},"date":1671283764,"text":"\\u041e\\u0442\\u043b\\u0438\\u0447\\u043d\\u043e\\u263a\\ufe0f!"}}'"
15:29:24 - api - DEBUG - make_request: 133 - Make request: "sendMessage" with data: "{'chat_id': 1340988413, 'text': '\nЖелаешь добвать аудио?', 'reply_markup': '{"inline_keyboard": [[{"text": "Конечно", "callback_data": "yes_btn"}], [{"text": "Не нужно", "callback_data": "no_btn"}]]}'}" and files "None"
15:29:24 - api - DEBUG - check_result: 95 - Response for sendMessage: [200] "'{"ok":true,"result":{"message_id":5548,"from":{"id":5954410335,"is_bot":true,"first_name":"CIRCLE","username":"CCircle_bot"},"chat":{"id":1340988413,"first_name":"Max","username":"juicykolot","type":"private"},"date":1671283764,"text":"\\u0416\\u0435\\u043b\\u0430\\u0435\\u0448\\u044c \\u0434\\u043e\\u0431\\u0432\\u0430\\u0442\\u044c \\u0430\\u0443\\u0434\\u0438\\u043e?","reply_markup":{"inline_keyboard":[[{"text":"\\u041a\\u043e\\u043d\\u0435\\u0447\\u043d\\u043e","callback_data":"yes_btn"}],[{"text":"\\u041d\\u0435 \\u043d\\u0443\\u0436\\u043d\\u043e","callback_data":"no_btn"}]]}}}'"
15:29:37 - api - DEBUG - check_result: 95 - Response for getUpdates: [200] "'{"ok":true,"result":[{"update_id":374963421,\n"callback_query":{"id":"5759501379117729184","from":{"id":1340988413,"is_bot":false,"first_name":"Max","username":"juicykolot","language_code":"ru"},"message":{"message_id":5548,"from":{"id":5954410335,"is_bot":true,"first_name":"CIRCLE","username":"CCircle_bot"},"chat":{"id":1340988413,"first_name":"Max","username":"juicykolot","type":"private"},"date":1671283764,"text":"\\u0416\\u0435\\u043b\\u0430\\u0435\\u0448\\u044c \\u0434\\u043e\\u0431\\u0432\\u0430\\u0442\\u044c \\u0430\\u0443\\u0434\\u0438\\u043e?","reply_markup":{"inline_keyboard":[[{"text":"\\u041a\\u043e\\u043d\\u0435\\u0447\\u043d\\u043e","callback_data":"yes_btn"}],[{"text":"\\u041d\\u0435 \\u043d\\u0443\\u0436\\u043d\\u043e","callback_data":"no_btn"}]]}},"chat_instance":"4970721525188364721","data":"yes_btn"}}]}'"
15:29:37 - dispatcher - DEBUG - start_polling: 395 - Received 1 updates.
15:29:37 - api - DEBUG - make_request: 133 - Make request: "deleteMessage" with data: "{'chat_id': 1340988413, 'message_id': 5548}" and files "None"
15:29:38 - api - DEBUG - make_request: 133 - Make request: "getUpdates" with data: "{'offset': 374963422, 'timeout': 20}" and files "None"
15:29:38 - api - DEBUG - check_result: 95 - Response for deleteMessage: [200] "'{"ok":true,"result":true}'"
15:29:38 - api - DEBUG - make_request: 133 - Make request: "sendMessage" with data: "{'chat_id': 1340988413, 'text': 'Отлично\nТеперь отправь мне аудио в формате mp3\nили перешли трек из @mixvk_bot😏', 'reply_markup': '{"keyboard": [[{"text": "Назад"}]], "resize_keyboard": true}'}" and files "None"
15:29:38 - api - DEBUG - check_result: 95 - Response for sendMessage: [200] "'{"ok":true,"result":{"message_id":5549,"from":{"id":5954410335,"is_bot":true,"first_name":"CIRCLE","username":"CCircle_bot"},"chat":{"id":1340988413,"first_name":"Max","username":"juicykolot","type":"private"},"date":1671283778,"text":"\\u041e\\u0442\\u043b\\u0438\\u0447\\u043d\\u043e\\n\\u0422\\u0435\\u043f\\u0435\\u0440\\u044c \\u043e\\u0442\\u043f\\u0440\\u0430\\u0432\\u044c \\u043c\\u043d\\u0435 \\u0430\\u0443\\u0434\\u0438\\u043e \\u0432 \\u0444\\u043e\\u0440\\u043c\\u0430\\u0442\\u0435 mp3\\n\\u0438\\u043b\\u0438 \\u043f\\u0435\\u0440\\u0435\\u0448\\u043b\\u0438 \\u0442\\u0440\\u0435\\u043a \\u0438\\u0437 @mixvk_bot\\ud83d\\ude0f","entities":[{"offset":67,"length":10,"type":"mention"}]}}'"
15:29:48 - api - DEBUG - check_result: 95 - Response for getUpdates: [200] "'{"ok":true,"result":[{"update_id":374963422,\n"message":{"message_id":5550,"from":{"id":1340988413,"is_bot":false,"first_name":"Max","username":"juicykolot","language_code":"ru"},"chat":{"id":1340988413,"first_name":"Max","username":"juicykolot","type":"private"},"date":1671283788,"audio":{"duration":218,"file_name":"42952668.mp3","mime_type":"audio/mpeg","title":"Iris","performer":"Pastel Ghost","thumb":{"file_id":"AAMCAgADGQEAAhWuY53ETBaOamgMaSEB8SBN_Y9jJ4IAAngZAALhwLlKwe_Ku_oBYugBAAdtAAMsBA","file_unique_id":"AQADeBkAAuHAuUpy","file_size":17861,"width":320,"height":320},"file_id":"CQACAgIAAxkBAAIVrmOdxEwWjmpoDGkhAfEgTf2PYyeCAAJ4GQAC4cC5SsHvyrv6AWLoLAQ","file_unique_id":"AgADeBkAAuHAuUo","file_size":5242462},"caption":"\\ud83c\\udfac \\u041a\\u0438\\u043d\\u043e \\u0432 Telegram","caption_entities":[{"offset":0,"length":18,"type":"text_link","url":"https://t.me/icinema_bot"}]}}]}'"
15:29:48 - dispatcher - DEBUG - start_polling: 395 - Received 1 updates.
15:29:48 - api - DEBUG - make_request: 133 - Make request: "deleteMessage" with data: "{'chat_id': 1340988413, 'message_id': 5549}" and files "None"
15:29:48 - api - DEBUG - check_result: 95 - Response for deleteMessage: [200] "'{"ok":true,"result":true}'"
15:29:48 - api - DEBUG - make_request: 133 - Make request: "sendMessage" with data: "{'chat_id': 1340988413, 'text': 'Ок получил☺️'}" and files "None"
15:29:48 - api - DEBUG - make_request: 133 - Make request: "getUpdates" with data: "{'offset': 374963423, 'timeout': 20}" and files "None"
15:29:48 - api - DEBUG - check_result: 95 - Response for sendMessage: [200] "'{"ok":true,"result":{"message_id":5551,"from":{"id":5954410335,"is_bot":true,"first_name":"CIRCLE","username":"CCircle_bot"},"chat":{"id":1340988413,"first_name":"Max","username":"juicykolot","type":"private"},"date":1671283788,"text":"\\u041e\\u043a \\u043f\\u043e\\u043b\\u0443\\u0447\\u0438\\u043b\\u263a\\ufe0f"}}'"
15:29:48 - api - DEBUG - make_request: 133 - Make request: "getFile" with data: "{'file_id': 'CQACAgIAAxkBAAIVrmOdxEwWjmpoDGkhAfEgTf2PYyeCAAJ4GQAC4cC5SsHvyrv6AWLoLAQ'}" and files "None"
15:29:48 - api - DEBUG - check_result: 95 - Response for getFile: [200] "'{"ok":true,"result":{"file_id":"CQACAgIAAxkBAAIVrmOdxEwWjmpoDGkhAfEgTf2PYyeCAAJ4GQAC4cC5SsHvyrv6AWLoLAQ","file_unique_id":"AgADeBkAAuHAuUo","file_size":5242462,"file_path":"music/file_83.mp3"}}'"
15:29:50 - api - DEBUG - make_request: 133 - Make request: "sendMessage" with data: "{'chat_id': 1340988413, 'text': '\nВыберите фрагмент трека,  с какой секунды его начать\nнапишите цифрой', 'reply_markup': '{"keyboard": [[{"text": "Назад"}]], "resize_keyboard": true}'}" and files "None"
15:29:50 - api - DEBUG - check_result: 95 - Response for sendMessage: [200] "'{"ok":true,"result":{"message_id":5552,"from":{"id":5954410335,"is_bot":true,"first_name":"CIRCLE","username":"CCircle_bot"},"chat":{"id":1340988413,"first_name":"Max","username":"juicykolot","type":"private"},"date":1671283790,"text":"\\u0412\\u044b\\u0431\\u0435\\u0440\\u0438\\u0442\\u0435 \\u0444\\u0440\\u0430\\u0433\\u043c\\u0435\\u043d\\u0442 \\u0442\\u0440\\u0435\\u043a\\u0430,  \\u0441 \\u043a\\u0430\\u043a\\u043e\\u0439 \\u0441\\u0435\\u043a\\u0443\\u043d\\u0434\\u044b \\u0435\\u0433\\u043e \\u043d\\u0430\\u0447\\u0430\\u0442\\u044c\\n\\u043d\\u0430\\u043f\\u0438\\u0448\\u0438\\u0442\\u0435 \\u0446\\u0438\\u0444\\u0440\\u043e\\u0439"}}'"
15:29:57 - api - DEBUG - check_result: 95 - Response for getUpdates: [200] "'{"ok":true,"result":[{"update_id":374963423,\n"message":{"message_id":5553,"from":{"id":1340988413,"is_bot":false,"first_name":"Max","username":"juicykolot","language_code":"ru"},"chat":{"id":1340988413,"first_name":"Max","username":"juicykolot","type":"private"},"date":1671283797,"text":"0"}}]}'"
15:29:57 - dispatcher - DEBUG - start_polling: 395 - Received 1 updates.
15:29:57 - api - DEBUG - make_request: 133 - Make request: "deleteMessage" with data: "{'chat_id': 1340988413, 'message_id': 5552}" and files "None"
15:29:57 - api - DEBUG - make_request: 133 - Make request: "getUpdates" with data: "{'offset': 374963424, 'timeout': 20}" and files "None"
15:29:57 - api - DEBUG - check_result: 95 - Response for deleteMessage: [200] "'{"ok":true,"result":true}'"
15:29:57 - api - DEBUG - make_request: 133 - Make request: "sendMessage" with data: "{'chat_id': 1340988413, 'text': 'Отлично\nУже загружаю круг🚛❤️ ', 'reply_markup': '{"remove_keyboard": true}'}" and files "None"
15:29:57 - api - DEBUG - check_result: 95 - Response for sendMessage: [200] "'{"ok":true,"result":{"message_id":5554,"from":{"id":5954410335,"is_bot":true,"first_name":"CIRCLE","username":"CCircle_bot"},"chat":{"id":1340988413,"first_name":"Max","username":"juicykolot","type":"private"},"date":1671283797,"text":"\\u041e\\u0442\\u043b\\u0438\\u0447\\u043d\\u043e\\n\\u0423\\u0436\\u0435 \\u0437\\u0430\\u0433\\u0440\\u0443\\u0436\\u0430\\u044e \\u043a\\u0440\\u0443\\u0433\\ud83d\\ude9b\\u2764\\ufe0f"}}'"
15:30:17 - api - DEBUG - check_result: 95 - Response for getUpdates: [200] "'{"ok":true,"result":[]}'"
15:30:18 - PngImagePlugin - DEBUG - call: 201 - STREAM b'IHDR' 16 13
15:30:18 - PngImagePlugin - DEBUG - call: 201 - STREAM b'sRGB' 41 1
15:30:18 - PngImagePlugin - DEBUG - call: 201 - STREAM b'eXIf' 54 68
15:30:18 - PngImagePlugin - DEBUG - call: 201 - STREAM b'iDOT' 134 28
15:30:18 - PngImagePlugin - DEBUG - _open: 738 - b'iDOT' 134 28 (unknown)
15:30:18 - PngImagePlugin - DEBUG - call: 201 - STREAM b'IDAT' 174 16384
15:30:26 - api - DEBUG - make_request: 133 - Make request: "sendVideoNote" with data: "{'chat_id': 1340988413, 'reply_markup': '{"keyboard": [[{"text": "Профиль"}, {"text": "Подписка"}, {"text": "СОЗДАТЬ КРУГ"}], [{"text": "Рефералы"}]], "resize_keyboard": true}'}" and files "{'video_note': <InputFile 'attach://cnNyPuSjm_moJz7rCL6QFw' with file='<_io.BufferedReader name='./data/1340988413.mp4'>'>}"
15:30:26 - api - DEBUG - make_request: 133 - Make request: "getUpdates" with data: "{'offset': 374963424, 'timeout': 20}" and files "None"
15:30:28 - api - DEBUG - check_result: 95 - Response for sendVideoNote: [200] "'{"ok":true,"result":{"message_id":5555,"from":{"id":5954410335,"is_bot":true,"first_name":"CIRCLE","username":"CCircle_bot"},"chat":{"id":1340988413,"first_name":"Max","username":"juicykolot","type":"private"},"date":1671283828,"video_note":{"duration":20,"length":500,"thumb":{"file_id":"AAMCAgADGQMAAhWzY53EdOkO-FrCh6B-biJ_BAeOsvkAAkclAAJgB_FIKgwrX7RAFJABAAdtAAMsBA","file_unique_id":"AQADRyUAAmAH8Uhy","file_size":14618,"width":320,"height":320},"file_id":"DQACAgIAAxkDAAIVs2OdxHTpDvhawoegfm4ifwQHjrL5AAJHJQACYAfxSCoMK1-0QBSQLAQ","file_unique_id":"AgADRyUAAmAH8Ug","file_size":2469943}}}'"
15:30:28 - api - DEBUG - make_request: 133 - Make request: "sendMessage" with data: "{'chat_id': 1340988413, 'text': 'Max, Я официально заявляю, что это лучший круг, который у меня получался🤤\n\n@CCircle_bot создает кастомизированные круги, но не под глазами😏\n\nПоделись со своими друзьями @CCircle_bot'}" and files "None"
15:30:28 - api - DEBUG - check_result: 95 - Response for sendMessage: [200] "'{"ok":true,"result":{"message_id":5556,"from":{"id":5954410335,"is_bot":true,"first_name":"CIRCLE","username":"CCircle_bot"},"chat":{"id":1340988413,"first_name":"Max","username":"juicykolot","type":"private"},"date":1671283828,"text":"Max, \\u042f \\u043e\\u0444\\u0438\\u0446\\u0438\\u0430\\u043b\\u044c\\u043d\\u043e \\u0437\\u0430\\u044f\\u0432\\u043b\\u044f\\u044e, \\u0447\\u0442\\u043e \\u044d\\u0442\\u043e \\u043b\\u0443\\u0447\\u0448\\u0438\\u0439 \\u043a\\u0440\\u0443\\u0433, \\u043a\\u043e\\u0442\\u043e\\u0440\\u044b\\u0439 \\u0443 \\u043c\\u0435\\u043d\\u044f \\u043f\\u043e\\u043b\\u0443\\u0447\\u0430\\u043b\\u0441\\u044f\\ud83e\\udd24\\n\\n@CCircle_bot \\u0441\\u043e\\u0437\\u0434\\u0430\\u0435\\u0442 \\u043a\\u0430\\u0441\\u0442\\u043e\\u043c\\u0438\\u0437\\u0438\\u0440\\u043e\\u0432\\u0430\\u043d\\u043d\\u044b\\u0435 \\u043a\\u0440\\u0443\\u0433\\u0438, \\u043d\\u043e \\u043d\\u0435 \\u043f\\u043e\\u0434 \\u0433\\u043b\\u0430\\u0437\\u0430\\u043c\\u0438\\ud83d\\ude0f\\n\\n\\u041f\\u043e\\u0434\\u0435\\u043b\\u0438\\u0441\\u044c \\u0441\\u043e \\u0441\\u0432\\u043e\\u0438\\u043c\\u0438 \\u0434\\u0440\\u0443\\u0437\\u044c\\u044f\\u043c\\u0438 @CCircle_bot","entities":[{"offset":76,"length":12,"type":"mention"},{"offset":171,"length":12,"type":"mention"}]}}'"
15:30:28 - api - DEBUG - make_request: 133 - Make request: "sendMessage" with data: "{'chat_id': 1340988413, 'text': 'Был создан круг\nИх уже 65'}" and files "None"
15:30:28 - api - DEBUG - check_result: 95 - Response for sendMessage: [200] "'{"ok":true,"result":{"message_id":5557,"from":{"id":5954410335,"is_bot":true,"first_name":"CIRCLE","username":"CCircle_bot"},"chat":{"id":1340988413,"first_name":"Max","username":"juicykolot","type":"private"},"date":1671283828,"text":"\\u0411\\u044b\\u043b \\u0441\\u043e\\u0437\\u0434\\u0430\\u043d \\u043a\\u0440\\u0443\\u0433\\n\\u0418\\u0445 \\u0443\\u0436\\u0435 65"}}'"
15:30:47 - api - DEBUG - check_result: 95 - Response for getUpdates: [200] "'{"ok":true,"result":[]}'"
15:30:47 - api - DEBUG - make_request: 133 - Make request: "getUpdates" with data: "{'offset': 374963424, 'timeout': 20}" and files "None"
15:31:07 - api - DEBUG - check_result: 95 - Response for getUpdates: [200] "'{"ok":true,"result":[]}'"
15:31:07 - api - DEBUG - make_request: 133 - Make request: "getUpdates" with data: "{'offset': 374963424, 'timeout': 20}" and files "None"
15:31:27 - api - DEBUG - check_result: 95 - Response for getUpdates: [200] "'{"ok":true,"result":[]}'"
15:31:27 - api - DEBUG - make_request: 133 - Make request: "getUpdates" with data: "{'offset': 374963424, 'timeout': 20}" and files "None"
15:31:47 - api - DEBUG - check_result: 95 - Response for getUpdates: [200] "'{"ok":true,"result":[]}'"
15:31:48 - api - DEBUG - make_request: 133 - Make request: "getUpdates" with data: "{'offset': 374963424, 'timeout': 20}" and files "None"
15:32:08 - api - DEBUG - check_result: 95 - Response for getUpdates: [200] "'{"ok":true,"result":[]}'"
15:32:08 - api - DEBUG - make_request: 133 - Make request: "getUpdates" with data: "{'offset': 374963424, 'timeout': 20}" and files "None"
15:32:28 - api - DEBUG - check_result: 95 - Response for getUpdates: [200] "'{"ok":true,"result":[]}'"
15:32:28 - api - DEBUG - make_request: 133 - Make request: "getUpdates" with data: "{'offset': 374963424, 'timeout': 20}" and files "None"
15:32:48 - api - DEBUG - check_result: 95 - Response for getUpdates: [200] "'{"ok":true,"result":[]}'"
15:32:48 - api - DEBUG - make_request: 133 - Make request: "getUpdates" with data: "{'offset': 374963424, 'timeout': 20}" and files "None"
15:33:08 - api - DEBUG - check_result: 95 - Response for getUpdates: [200] "'{"ok":true,"result":[]}'"
15:33:09 - api - DEBUG - make_request: 133 - Make request: "getUpdates" with data: "{'offset': 374963424, 'timeout': 20}" and files "None"
